10-Jun-2024 10:38:01.627 INFO [main] org.apache.catalina.core.ApplicationContext.log ContextListener: contextInitialized()
10-Jun-2024 10:38:01.627 INFO [main] org.apache.catalina.core.ApplicationContext.log SessionListener: contextInitialized()
10-Jun-2024 10:38:01.627 INFO [main] org.apache.catalina.core.ApplicationContext.log ContextListener: attributeAdded('StockTicker', 'async.Stockticker@7aec4791')
10-Jun-2024 10:44:38.187 INFO [main] org.apache.catalina.core.ApplicationContext.log SessionListener: contextDestroyed()
10-Jun-2024 10:44:38.187 INFO [main] org.apache.catalina.core.ApplicationContext.log ContextListener: contextDestroyed()
10-Jun-2024 10:45:40.553 INFO [main] org.apache.catalina.core.ApplicationContext.log ContextListener: contextInitialized()
10-Jun-2024 10:45:40.553 INFO [main] org.apache.catalina.core.ApplicationContext.log SessionListener: contextInitialized()
10-Jun-2024 10:45:40.555 INFO [main] org.apache.catalina.core.ApplicationContext.log ContextListener: attributeAdded('StockTicker', 'async.Stockticker@72a25716')
10-Jun-2024 11:16:47.002 INFO [main] org.apache.catalina.core.ApplicationContext.log SessionListener: contextDestroyed()
10-Jun-2024 11:16:47.002 INFO [main] org.apache.catalina.core.ApplicationContext.log ContextListener: contextDestroyed()
10-Jun-2024 11:17:07.611 INFO [main] org.apache.catalina.core.ApplicationContext.log ContextListener: contextInitialized()
10-Jun-2024 11:17:07.611 INFO [main] org.apache.catalina.core.ApplicationContext.log SessionListener: contextInitialized()
10-Jun-2024 11:17:07.613 INFO [main] org.apache.catalina.core.ApplicationContext.log ContextListener: attributeAdded('StockTicker', 'async.Stockticker@3bd9e492')
10-Jun-2024 11:45:35.965 INFO [main] org.apache.catalina.core.ApplicationContext.log SessionListener: contextDestroyed()
10-Jun-2024 11:45:35.965 INFO [main] org.apache.catalina.core.ApplicationContext.log ContextListener: contextDestroyed()
10-Jun-2024 11:45:56.372 INFO [main] org.apache.catalina.core.ApplicationContext.log ContextListener: contextInitialized()
10-Jun-2024 11:45:56.372 INFO [main] org.apache.catalina.core.ApplicationContext.log SessionListener: contextInitialized()
10-Jun-2024 11:45:56.375 INFO [main] org.apache.catalina.core.ApplicationContext.log ContextListener: attributeAdded('StockTicker', 'async.Stockticker@6216b817')
10-Jun-2024 11:53:33.156 INFO [main] org.apache.catalina.core.ApplicationContext.log SessionListener: contextDestroyed()
10-Jun-2024 11:53:33.156 INFO [main] org.apache.catalina.core.ApplicationContext.log ContextListener: contextDestroyed()
