26-May-2024 17:38:13.727 INFO [http-nio-8081-exec-4] org.apache.catalina.core.ApplicationContext.log Manager: init: Associated with Deployer 'Catalina:type=Deployer,host=localhost'
26-May-2024 17:38:13.727 INFO [http-nio-8081-exec-4] org.apache.catalina.core.ApplicationContext.log Manager: init: Global resources are available
26-May-2024 17:38:34.005 INFO [http-nio-8081-exec-1] org.apache.catalina.core.ApplicationContext.log Manager: list: Listing contexts for virtual host 'localhost'
26-May-2024 17:38:34.009 INFO [http-nio-8081-exec-3] org.apache.catalina.core.ApplicationContext.log Manager: list: Listing contexts for virtual host 'localhost'
26-May-2024 17:44:39.261 INFO [http-nio-8081-exec-7] org.apache.catalina.core.ApplicationContext.log Manager: list: Listing contexts for virtual host 'localhost'
26-May-2024 17:44:39.266 INFO [http-nio-8081-exec-10] org.apache.catalina.core.ApplicationContext.log Manager: list: Listing contexts for virtual host 'localhost'
26-May-2024 17:44:39.271 INFO [http-nio-8081-exec-4] org.apache.catalina.core.ApplicationContext.log Manager: install: Installing context configuration at 'file:/C:/Users/efe/AppData/Local/Temp/context6956919307242754932.xml'
26-May-2024 17:44:39.338 INFO [http-nio-8081-exec-6] org.apache.catalina.core.ApplicationContext.log Manager: start: Starting web application '/WebApplication9'
26-May-2024 17:45:08.019 INFO [http-nio-8081-exec-10] org.apache.catalina.core.ApplicationContext.log Manager: list: Listing contexts for virtual host 'localhost'
26-May-2024 17:45:08.342 INFO [http-nio-8081-exec-4] org.apache.catalina.core.ApplicationContext.log Manager: list: Listing contexts for virtual host 'localhost'
26-May-2024 17:45:12.542 INFO [http-nio-8081-exec-8] org.apache.catalina.core.ApplicationContext.log Manager: list: Listing contexts for virtual host 'localhost'
26-May-2024 17:48:21.484 INFO [http-nio-8081-exec-10] org.apache.catalina.core.ApplicationContext.log Manager: list: Listing contexts for virtual host 'localhost'
26-May-2024 17:48:21.490 INFO [http-nio-8081-exec-2] org.apache.catalina.core.ApplicationContext.log Manager: undeploy: Undeploying web application at '/WebApplication9'
26-May-2024 17:48:59.444 INFO [http-nio-8081-exec-5] org.apache.catalina.core.ApplicationContext.log Manager: list: Listing contexts for virtual host 'localhost'
26-May-2024 17:48:59.448 INFO [http-nio-8081-exec-1] org.apache.catalina.core.ApplicationContext.log Manager: list: Listing contexts for virtual host 'localhost'
26-May-2024 18:05:04.785 INFO [http-nio-8081-exec-14] org.apache.catalina.core.ApplicationContext.log Manager: list: Listing contexts for virtual host 'localhost'
26-May-2024 18:05:04.790 INFO [http-nio-8081-exec-11] org.apache.catalina.core.ApplicationContext.log Manager: list: Listing contexts for virtual host 'localhost'
26-May-2024 18:05:04.795 INFO [http-nio-8081-exec-13] org.apache.catalina.core.ApplicationContext.log Manager: install: Installing context configuration at 'file:/C:/Users/efe/AppData/Local/Temp/context14149881155003178304.xml'
26-May-2024 18:05:05.498 INFO [http-nio-8081-exec-12] org.apache.catalina.core.ApplicationContext.log Manager: start: Starting web application '/WebApplication10'
26-May-2024 18:19:41.373 INFO [http-nio-8081-exec-18] org.apache.catalina.core.ApplicationContext.log Manager: list: Listing contexts for virtual host 'localhost'
26-May-2024 18:19:41.710 INFO [http-nio-8081-exec-13] org.apache.catalina.core.ApplicationContext.log Manager: list: Listing contexts for virtual host 'localhost'
26-May-2024 18:19:42.838 INFO [http-nio-8081-exec-14] org.apache.catalina.core.ApplicationContext.log Manager: list: Listing contexts for virtual host 'localhost'
26-May-2024 18:19:42.845 INFO [http-nio-8081-exec-20] org.apache.catalina.core.ApplicationContext.log Manager: restart: Reloading web application '/WebApplication10'
26-May-2024 18:19:58.996 INFO [http-nio-8081-exec-15] org.apache.catalina.core.ApplicationContext.log Manager: list: Listing contexts for virtual host 'localhost'
26-May-2024 18:19:59.001 INFO [http-nio-8081-exec-12] org.apache.catalina.core.ApplicationContext.log Manager: restart: Reloading web application '/WebApplication10'
26-May-2024 18:20:00.655 INFO [http-nio-8081-exec-13] org.apache.catalina.core.ApplicationContext.log Manager: list: Listing contexts for virtual host 'localhost'
26-May-2024 18:20:00.663 INFO [http-nio-8081-exec-18] org.apache.catalina.core.ApplicationContext.log Manager: restart: Reloading web application '/WebApplication10'
26-May-2024 18:21:31.868 INFO [http-nio-8081-exec-26] org.apache.catalina.core.ApplicationContext.log Manager: list: Listing contexts for virtual host 'localhost'
26-May-2024 18:21:31.872 INFO [http-nio-8081-exec-25] org.apache.catalina.core.ApplicationContext.log Manager: restart: Reloading web application '/WebApplication10'
26-May-2024 18:21:33.443 INFO [http-nio-8081-exec-25] org.apache.catalina.core.ApplicationContext.log Manager: list: Listing contexts for virtual host 'localhost'
26-May-2024 18:21:33.447 INFO [http-nio-8081-exec-26] org.apache.catalina.core.ApplicationContext.log Manager: restart: Reloading web application '/WebApplication10'
26-May-2024 18:23:24.156 INFO [http-nio-8081-exec-12] org.apache.catalina.core.ApplicationContext.log Manager: list: Listing contexts for virtual host 'localhost'
26-May-2024 18:23:24.159 INFO [http-nio-8081-exec-14] org.apache.catalina.core.ApplicationContext.log Manager: list: Listing contexts for virtual host 'localhost'
26-May-2024 18:23:24.178 INFO [http-nio-8081-exec-28] org.apache.catalina.core.ApplicationContext.log Manager: restart: Reloading web application '/WebApplication10'
26-May-2024 18:29:47.573 INFO [http-nio-8081-exec-39] org.apache.catalina.core.ApplicationContext.log Manager: list: Listing contexts for virtual host 'localhost'
26-May-2024 18:29:48.990 INFO [http-nio-8081-exec-31] org.apache.catalina.core.ApplicationContext.log Manager: list: Listing contexts for virtual host 'localhost'
26-May-2024 18:29:48.995 INFO [http-nio-8081-exec-34] org.apache.catalina.core.ApplicationContext.log Manager: restart: Reloading web application '/WebApplication10'
26-May-2024 18:30:43.799 INFO [http-nio-8081-exec-39] org.apache.catalina.core.ApplicationContext.log Manager: list: Listing contexts for virtual host 'localhost'
26-May-2024 18:30:43.804 INFO [http-nio-8081-exec-36] org.apache.catalina.core.ApplicationContext.log Manager: restart: Reloading web application '/WebApplication10'
26-May-2024 18:30:45.655 INFO [http-nio-8081-exec-32] org.apache.catalina.core.ApplicationContext.log Manager: list: Listing contexts for virtual host 'localhost'
26-May-2024 18:30:45.663 INFO [http-nio-8081-exec-33] org.apache.catalina.core.ApplicationContext.log Manager: restart: Reloading web application '/WebApplication10'
26-May-2024 18:31:18.191 INFO [http-nio-8081-exec-44] org.apache.catalina.core.ApplicationContext.log Manager: list: Listing contexts for virtual host 'localhost'
26-May-2024 18:31:18.193 INFO [http-nio-8081-exec-42] org.apache.catalina.core.ApplicationContext.log Manager: list: Listing contexts for virtual host 'localhost'
26-May-2024 18:31:18.213 INFO [http-nio-8081-exec-31] org.apache.catalina.core.ApplicationContext.log Manager: restart: Reloading web application '/WebApplication10'
26-May-2024 21:45:39.900 INFO [http-nio-8081-exec-46] org.apache.catalina.core.ApplicationContext.log Manager: list: Listing contexts for virtual host 'localhost'
26-May-2024 21:45:39.904 INFO [http-nio-8081-exec-51] org.apache.catalina.core.ApplicationContext.log Manager: list: Listing contexts for virtual host 'localhost'
26-May-2024 21:47:08.156 INFO [http-nio-8081-exec-50] org.apache.catalina.core.ApplicationContext.log Manager: list: Listing contexts for virtual host 'localhost'
26-May-2024 21:47:08.158 INFO [http-nio-8081-exec-52] org.apache.catalina.core.ApplicationContext.log Manager: restart: Reloading web application '/WebApplication10'
26-May-2024 21:47:09.796 INFO [http-nio-8081-exec-51] org.apache.catalina.core.ApplicationContext.log Manager: list: Listing contexts for virtual host 'localhost'
26-May-2024 21:47:09.804 INFO [http-nio-8081-exec-47] org.apache.catalina.core.ApplicationContext.log Manager: restart: Reloading web application '/WebApplication10'
26-May-2024 21:48:58.240 INFO [http-nio-8081-exec-58] org.apache.catalina.core.ApplicationContext.log Manager: list: Listing contexts for virtual host 'localhost'
26-May-2024 21:48:58.240 INFO [http-nio-8081-exec-62] org.apache.catalina.core.ApplicationContext.log Manager: list: Listing contexts for virtual host 'localhost'
26-May-2024 21:48:58.258 INFO [http-nio-8081-exec-51] org.apache.catalina.core.ApplicationContext.log Manager: restart: Reloading web application '/WebApplication10'
26-May-2024 21:50:11.228 INFO [http-nio-8081-exec-45] org.apache.catalina.core.ApplicationContext.log Manager: list: Listing contexts for virtual host 'localhost'
26-May-2024 21:50:11.231 INFO [http-nio-8081-exec-59] org.apache.catalina.core.ApplicationContext.log Manager: list: Listing contexts for virtual host 'localhost'
26-May-2024 21:53:14.314 INFO [http-nio-8081-exec-64] org.apache.catalina.core.ApplicationContext.log Manager: list: Listing contexts for virtual host 'localhost'
26-May-2024 21:53:15.397 INFO [http-nio-8081-exec-66] org.apache.catalina.core.ApplicationContext.log Manager: list: Listing contexts for virtual host 'localhost'
26-May-2024 21:53:15.402 INFO [http-nio-8081-exec-63] org.apache.catalina.core.ApplicationContext.log Manager: restart: Reloading web application '/WebApplication10'
26-May-2024 21:54:11.386 INFO [http-nio-8081-exec-70] org.apache.catalina.core.ApplicationContext.log Manager: list: Listing contexts for virtual host 'localhost'
26-May-2024 21:54:11.396 INFO [http-nio-8081-exec-66] org.apache.catalina.core.ApplicationContext.log Manager: restart: Reloading web application '/WebApplication10'
26-May-2024 21:54:12.719 INFO [http-nio-8081-exec-75] org.apache.catalina.core.ApplicationContext.log Manager: list: Listing contexts for virtual host 'localhost'
26-May-2024 21:54:12.724 INFO [http-nio-8081-exec-70] org.apache.catalina.core.ApplicationContext.log Manager: restart: Reloading web application '/WebApplication10'
26-May-2024 21:54:49.213 INFO [http-nio-8081-exec-79] org.apache.catalina.core.ApplicationContext.log Manager: list: Listing contexts for virtual host 'localhost'
26-May-2024 21:54:49.216 INFO [http-nio-8081-exec-81] org.apache.catalina.core.ApplicationContext.log Manager: list: Listing contexts for virtual host 'localhost'
26-May-2024 21:54:49.230 INFO [http-nio-8081-exec-76] org.apache.catalina.core.ApplicationContext.log Manager: restart: Reloading web application '/WebApplication10'
26-May-2024 21:55:09.647 INFO [http-nio-8081-exec-75] org.apache.catalina.core.ApplicationContext.log Manager: list: Listing contexts for virtual host 'localhost'
26-May-2024 21:55:10.718 INFO [http-nio-8081-exec-74] org.apache.catalina.core.ApplicationContext.log Manager: list: Listing contexts for virtual host 'localhost'
26-May-2024 21:55:10.723 INFO [http-nio-8081-exec-87] org.apache.catalina.core.ApplicationContext.log Manager: restart: Reloading web application '/WebApplication10'
26-May-2024 21:55:58.713 INFO [http-nio-8081-exec-92] org.apache.catalina.core.ApplicationContext.log Manager: list: Listing contexts for virtual host 'localhost'
26-May-2024 21:55:58.719 INFO [http-nio-8081-exec-78] org.apache.catalina.core.ApplicationContext.log Manager: restart: Reloading web application '/WebApplication10'
26-May-2024 21:56:00.373 INFO [http-nio-8081-exec-75] org.apache.catalina.core.ApplicationContext.log Manager: list: Listing contexts for virtual host 'localhost'
26-May-2024 21:56:00.375 INFO [http-nio-8081-exec-89] org.apache.catalina.core.ApplicationContext.log Manager: restart: Reloading web application '/WebApplication10'
26-May-2024 21:56:33.511 INFO [http-nio-8081-exec-94] org.apache.catalina.core.ApplicationContext.log Manager: list: Listing contexts for virtual host 'localhost'
