12-Jun-2024 17:09:34.033 INFO [http-nio-8081-exec-5] org.apache.catalina.core.ApplicationContext.log Manager: init: Associated with Deployer 'Catalina:type=Deployer,host=localhost'
12-Jun-2024 17:09:34.033 INFO [http-nio-8081-exec-5] org.apache.catalina.core.ApplicationContext.log Manager: init: Global resources are available
12-Jun-2024 17:09:34.079 INFO [http-nio-8081-exec-9] org.apache.catalina.core.ApplicationContext.log Manager: list: Listing contexts for virtual host 'localhost'
12-Jun-2024 17:09:34.084 INFO [http-nio-8081-exec-1] org.apache.catalina.core.ApplicationContext.log Manager: list: Listing contexts for virtual host 'localhost'
12-Jun-2024 17:09:34.148 INFO [http-nio-8081-exec-3] org.apache.catalina.core.ApplicationContext.log Manager: undeploy: Undeploying web application at '/WebApplication2'
12-Jun-2024 17:09:34.721 INFO [http-nio-8081-exec-9] org.apache.catalina.core.ApplicationContext.log Manager: install: Installing context configuration at 'file:/C:/Users/efe/AppData/Local/Temp/context7785095578178746849.xml'
12-Jun-2024 17:09:35.737 INFO [http-nio-8081-exec-4] org.apache.catalina.core.ApplicationContext.log Manager: start: Starting web application '/WebApplication2'
12-Jun-2024 17:18:26.468 INFO [http-nio-8081-exec-15] org.apache.catalina.core.ApplicationContext.log Manager: list: Listing contexts for virtual host 'localhost'
12-Jun-2024 17:19:48.055 INFO [http-nio-8081-exec-19] org.apache.catalina.core.ApplicationContext.log Manager: list: Listing contexts for virtual host 'localhost'
12-Jun-2024 17:20:07.338 INFO [http-nio-8081-exec-15] org.apache.catalina.core.ApplicationContext.log Manager: list: Listing contexts for virtual host 'localhost'
12-Jun-2024 17:20:07.680 INFO [http-nio-8081-exec-12] org.apache.catalina.core.ApplicationContext.log Manager: list: Listing contexts for virtual host 'localhost'
12-Jun-2024 17:29:09.694 INFO [http-nio-8081-exec-20] org.apache.catalina.core.ApplicationContext.log Manager: list: Listing contexts for virtual host 'localhost'
12-Jun-2024 17:29:39.611 INFO [http-nio-8081-exec-13] org.apache.catalina.core.ApplicationContext.log Manager: list: Listing contexts for virtual host 'localhost'
12-Jun-2024 17:36:34.689 INFO [http-nio-8081-exec-17] org.apache.catalina.core.ApplicationContext.log Manager: list: Listing contexts for virtual host 'localhost'
12-Jun-2024 17:36:34.697 INFO [http-nio-8081-exec-14] org.apache.catalina.core.ApplicationContext.log Manager: restart: Reloading web application '/WebApplication2'
12-Jun-2024 17:43:00.069 INFO [http-nio-8081-exec-22] org.apache.catalina.core.ApplicationContext.log Manager: list: Listing contexts for virtual host 'localhost'
12-Jun-2024 17:43:57.460 INFO [http-nio-8081-exec-4] org.apache.catalina.core.ApplicationContext.log Manager: init: Associated with Deployer 'Catalina:type=Deployer,host=localhost'
12-Jun-2024 17:43:57.460 INFO [http-nio-8081-exec-4] org.apache.catalina.core.ApplicationContext.log Manager: init: Global resources are available
12-Jun-2024 17:43:57.479 INFO [http-nio-8081-exec-6] org.apache.catalina.core.ApplicationContext.log Manager: list: Listing contexts for virtual host 'localhost'
12-Jun-2024 17:43:57.484 INFO [http-nio-8081-exec-9] org.apache.catalina.core.ApplicationContext.log Manager: list: Listing contexts for virtual host 'localhost'
12-Jun-2024 17:43:57.501 INFO [http-nio-8081-exec-3] org.apache.catalina.core.ApplicationContext.log Manager: undeploy: Undeploying web application at '/WebApplication2'
12-Jun-2024 17:43:58.067 INFO [http-nio-8081-exec-1] org.apache.catalina.core.ApplicationContext.log Manager: install: Installing context configuration at 'file:/C:/Users/efe/AppData/Local/Temp/context12234820994694475359.xml'
12-Jun-2024 17:43:59.069 INFO [http-nio-8081-exec-9] org.apache.catalina.core.ApplicationContext.log Manager: start: Starting web application '/WebApplication2'
12-Jun-2024 17:50:02.297 INFO [http-nio-8081-exec-14] org.apache.catalina.core.ApplicationContext.log Manager: list: Listing contexts for virtual host 'localhost'
12-Jun-2024 17:51:19.890 INFO [http-nio-8081-exec-5] org.apache.catalina.core.ApplicationContext.log Manager: init: Associated with Deployer 'Catalina:type=Deployer,host=localhost'
12-Jun-2024 17:51:19.891 INFO [http-nio-8081-exec-5] org.apache.catalina.core.ApplicationContext.log Manager: init: Global resources are available
12-Jun-2024 17:51:19.896 INFO [http-nio-8081-exec-2] org.apache.catalina.core.ApplicationContext.log Manager: list: Listing contexts for virtual host 'localhost'
12-Jun-2024 17:51:19.896 INFO [http-nio-8081-exec-7] org.apache.catalina.core.ApplicationContext.log Manager: list: Listing contexts for virtual host 'localhost'
12-Jun-2024 17:51:19.920 INFO [http-nio-8081-exec-9] org.apache.catalina.core.ApplicationContext.log Manager: undeploy: Undeploying web application at '/WebApplication2'
12-Jun-2024 17:51:20.478 INFO [http-nio-8081-exec-6] org.apache.catalina.core.ApplicationContext.log Manager: install: Installing context configuration at 'file:/C:/Users/efe/AppData/Local/Temp/context13033674561255900671.xml'
12-Jun-2024 17:51:21.308 INFO [http-nio-8081-exec-7] org.apache.catalina.core.ApplicationContext.log Manager: start: Starting web application '/WebApplication2'
12-Jun-2024 17:55:44.919 INFO [http-nio-8081-exec-18] org.apache.catalina.core.ApplicationContext.log Manager: list: Listing contexts for virtual host 'localhost'
12-Jun-2024 17:58:19.431 INFO [http-nio-8081-exec-4] org.apache.catalina.core.ApplicationContext.log Manager: init: Associated with Deployer 'Catalina:type=Deployer,host=localhost'
12-Jun-2024 17:58:19.432 INFO [http-nio-8081-exec-4] org.apache.catalina.core.ApplicationContext.log Manager: init: Global resources are available
12-Jun-2024 17:58:19.446 INFO [http-nio-8081-exec-1] org.apache.catalina.core.ApplicationContext.log Manager: list: Listing contexts for virtual host 'localhost'
12-Jun-2024 17:58:19.448 INFO [http-nio-8081-exec-8] org.apache.catalina.core.ApplicationContext.log Manager: list: Listing contexts for virtual host 'localhost'
12-Jun-2024 17:58:19.464 INFO [http-nio-8081-exec-9] org.apache.catalina.core.ApplicationContext.log Manager: undeploy: Undeploying web application at '/WebApplication2'
12-Jun-2024 17:58:20.012 INFO [http-nio-8081-exec-3] org.apache.catalina.core.ApplicationContext.log Manager: install: Installing context configuration at 'file:/C:/Users/efe/AppData/Local/Temp/context3870775086138688495.xml'
12-Jun-2024 17:58:20.802 INFO [http-nio-8081-exec-5] org.apache.catalina.core.ApplicationContext.log Manager: start: Starting web application '/WebApplication2'
12-Jun-2024 18:07:25.323 INFO [http-nio-8081-exec-13] org.apache.catalina.core.ApplicationContext.log Manager: list: Listing contexts for virtual host 'localhost'
12-Jun-2024 18:08:05.748 INFO [http-nio-8081-exec-10] org.apache.catalina.core.ApplicationContext.log Manager: init: Associated with Deployer 'Catalina:type=Deployer,host=localhost'
12-Jun-2024 18:08:05.748 INFO [http-nio-8081-exec-10] org.apache.catalina.core.ApplicationContext.log Manager: init: Global resources are available
12-Jun-2024 18:08:05.762 INFO [http-nio-8081-exec-1] org.apache.catalina.core.ApplicationContext.log Manager: list: Listing contexts for virtual host 'localhost'
12-Jun-2024 18:08:05.766 INFO [http-nio-8081-exec-7] org.apache.catalina.core.ApplicationContext.log Manager: list: Listing contexts for virtual host 'localhost'
12-Jun-2024 18:08:05.778 INFO [http-nio-8081-exec-4] org.apache.catalina.core.ApplicationContext.log Manager: undeploy: Undeploying web application at '/WebApplication2'
12-Jun-2024 18:08:06.322 INFO [http-nio-8081-exec-1] org.apache.catalina.core.ApplicationContext.log Manager: install: Installing context configuration at 'file:/C:/Users/efe/AppData/Local/Temp/context15493393388414258419.xml'
12-Jun-2024 18:08:07.117 INFO [http-nio-8081-exec-8] org.apache.catalina.core.ApplicationContext.log Manager: start: Starting web application '/WebApplication2'
12-Jun-2024 18:09:36.366 INFO [http-nio-8081-exec-16] org.apache.catalina.core.ApplicationContext.log Manager: list: Listing contexts for virtual host 'localhost'
12-Jun-2024 18:10:54.323 INFO [http-nio-8081-exec-4] org.apache.catalina.core.ApplicationContext.log Manager: init: Associated with Deployer 'Catalina:type=Deployer,host=localhost'
12-Jun-2024 18:10:54.323 INFO [http-nio-8081-exec-4] org.apache.catalina.core.ApplicationContext.log Manager: init: Global resources are available
12-Jun-2024 18:10:54.338 INFO [http-nio-8081-exec-1] org.apache.catalina.core.ApplicationContext.log Manager: list: Listing contexts for virtual host 'localhost'
12-Jun-2024 18:10:54.343 INFO [http-nio-8081-exec-7] org.apache.catalina.core.ApplicationContext.log Manager: list: Listing contexts for virtual host 'localhost'
12-Jun-2024 18:10:54.355 INFO [http-nio-8081-exec-9] org.apache.catalina.core.ApplicationContext.log Manager: undeploy: Undeploying web application at '/WebApplication2'
12-Jun-2024 18:10:54.912 INFO [http-nio-8081-exec-8] org.apache.catalina.core.ApplicationContext.log Manager: install: Installing context configuration at 'file:/C:/Users/efe/AppData/Local/Temp/context3403602632079471640.xml'
12-Jun-2024 18:10:55.704 INFO [http-nio-8081-exec-2] org.apache.catalina.core.ApplicationContext.log Manager: start: Starting web application '/WebApplication2'
12-Jun-2024 18:14:10.780 INFO [http-nio-8081-exec-16] org.apache.catalina.core.ApplicationContext.log Manager: list: Listing contexts for virtual host 'localhost'
12-Jun-2024 18:15:57.525 INFO [http-nio-8081-exec-1] org.apache.catalina.core.ApplicationContext.log Manager: init: Associated with Deployer 'Catalina:type=Deployer,host=localhost'
12-Jun-2024 18:15:57.525 INFO [http-nio-8081-exec-1] org.apache.catalina.core.ApplicationContext.log Manager: init: Global resources are available
12-Jun-2024 18:15:57.540 INFO [http-nio-8081-exec-4] org.apache.catalina.core.ApplicationContext.log Manager: list: Listing contexts for virtual host 'localhost'
12-Jun-2024 18:15:57.546 INFO [http-nio-8081-exec-6] org.apache.catalina.core.ApplicationContext.log Manager: list: Listing contexts for virtual host 'localhost'
12-Jun-2024 18:15:57.561 INFO [http-nio-8081-exec-10] org.apache.catalina.core.ApplicationContext.log Manager: undeploy: Undeploying web application at '/WebApplication2'
12-Jun-2024 18:15:58.119 INFO [http-nio-8081-exec-9] org.apache.catalina.core.ApplicationContext.log Manager: install: Installing context configuration at 'file:/C:/Users/efe/AppData/Local/Temp/context17563581110085110323.xml'
12-Jun-2024 18:15:58.903 INFO [http-nio-8081-exec-4] org.apache.catalina.core.ApplicationContext.log Manager: start: Starting web application '/WebApplication2'
12-Jun-2024 18:21:37.403 INFO [http-nio-8081-exec-3] org.apache.catalina.core.ApplicationContext.log Manager: init: Associated with Deployer 'Catalina:type=Deployer,host=localhost'
12-Jun-2024 18:21:37.403 INFO [http-nio-8081-exec-3] org.apache.catalina.core.ApplicationContext.log Manager: init: Global resources are available
12-Jun-2024 18:21:37.417 INFO [http-nio-8081-exec-1] org.apache.catalina.core.ApplicationContext.log Manager: list: Listing contexts for virtual host 'localhost'
12-Jun-2024 18:21:37.422 INFO [http-nio-8081-exec-6] org.apache.catalina.core.ApplicationContext.log Manager: list: Listing contexts for virtual host 'localhost'
12-Jun-2024 18:21:37.424 INFO [http-nio-8081-exec-9] org.apache.catalina.core.ApplicationContext.log Manager: undeploy: Undeploying web application at '/WebApplication2'
12-Jun-2024 18:21:37.980 INFO [http-nio-8081-exec-5] org.apache.catalina.core.ApplicationContext.log Manager: install: Installing context configuration at 'file:/C:/Users/efe/AppData/Local/Temp/context10145756245188688123.xml'
12-Jun-2024 18:21:38.745 INFO [http-nio-8081-exec-7] org.apache.catalina.core.ApplicationContext.log Manager: start: Starting web application '/WebApplication2'
12-Jun-2024 19:41:17.052 INFO [http-nio-8081-exec-4] org.apache.catalina.core.ApplicationContext.log Manager: init: Associated with Deployer 'Catalina:type=Deployer,host=localhost'
12-Jun-2024 19:41:17.052 INFO [http-nio-8081-exec-4] org.apache.catalina.core.ApplicationContext.log Manager: init: Global resources are available
12-Jun-2024 19:41:17.064 INFO [http-nio-8081-exec-2] org.apache.catalina.core.ApplicationContext.log Manager: list: Listing contexts for virtual host 'localhost'
12-Jun-2024 19:41:17.064 INFO [http-nio-8081-exec-5] org.apache.catalina.core.ApplicationContext.log Manager: list: Listing contexts for virtual host 'localhost'
12-Jun-2024 19:41:17.081 INFO [http-nio-8081-exec-10] org.apache.catalina.core.ApplicationContext.log Manager: undeploy: Undeploying web application at '/WebApplication2'
12-Jun-2024 19:41:17.644 INFO [http-nio-8081-exec-5] org.apache.catalina.core.ApplicationContext.log Manager: install: Installing context configuration at 'file:/C:/Users/efe/AppData/Local/Temp/context15995822158264629170.xml'
12-Jun-2024 19:41:18.499 INFO [http-nio-8081-exec-1] org.apache.catalina.core.ApplicationContext.log Manager: start: Starting web application '/WebApplication2'
12-Jun-2024 19:47:32.538 INFO [http-nio-8081-exec-14] org.apache.catalina.core.ApplicationContext.log Manager: list: Listing contexts for virtual host 'localhost'
12-Jun-2024 19:47:32.544 INFO [http-nio-8081-exec-11] org.apache.catalina.core.ApplicationContext.log Manager: restart: Reloading web application '/WebApplication2'
12-Jun-2024 19:55:37.503 INFO [http-nio-8081-exec-22] org.apache.catalina.core.ApplicationContext.log Manager: list: Listing contexts for virtual host 'localhost'
12-Jun-2024 19:55:37.509 INFO [http-nio-8081-exec-23] org.apache.catalina.core.ApplicationContext.log Manager: restart: Reloading web application '/WebApplication2'
12-Jun-2024 19:55:46.460 INFO [http-nio-8081-exec-32] org.apache.catalina.core.ApplicationContext.log Manager: list: Listing contexts for virtual host 'localhost'
12-Jun-2024 19:58:31.110 INFO [http-nio-8081-exec-8] org.apache.catalina.core.ApplicationContext.log Manager: init: Associated with Deployer 'Catalina:type=Deployer,host=localhost'
12-Jun-2024 19:58:31.110 INFO [http-nio-8081-exec-8] org.apache.catalina.core.ApplicationContext.log Manager: init: Global resources are available
12-Jun-2024 19:58:31.141 INFO [http-nio-8081-exec-9] org.apache.catalina.core.ApplicationContext.log Manager: list: Listing contexts for virtual host 'localhost'
12-Jun-2024 19:58:31.141 INFO [http-nio-8081-exec-3] org.apache.catalina.core.ApplicationContext.log Manager: list: Listing contexts for virtual host 'localhost'
12-Jun-2024 19:58:31.171 INFO [http-nio-8081-exec-10] org.apache.catalina.core.ApplicationContext.log Manager: undeploy: Undeploying web application at '/WebApplication2'
12-Jun-2024 19:58:31.745 INFO [http-nio-8081-exec-4] org.apache.catalina.core.ApplicationContext.log Manager: install: Installing context configuration at 'file:/C:/Users/efe/AppData/Local/Temp/context18073731656961608846.xml'
12-Jun-2024 19:58:32.648 INFO [http-nio-8081-exec-7] org.apache.catalina.core.ApplicationContext.log Manager: start: Starting web application '/WebApplication2'
12-Jun-2024 20:11:42.245 INFO [http-nio-8081-exec-5] org.apache.catalina.core.ApplicationContext.log Manager: init: Associated with Deployer 'Catalina:type=Deployer,host=localhost'
12-Jun-2024 20:11:42.245 INFO [http-nio-8081-exec-5] org.apache.catalina.core.ApplicationContext.log Manager: init: Global resources are available
12-Jun-2024 20:11:42.286 INFO [http-nio-8081-exec-2] org.apache.catalina.core.ApplicationContext.log Manager: list: Listing contexts for virtual host 'localhost'
12-Jun-2024 20:11:42.293 INFO [http-nio-8081-exec-8] org.apache.catalina.core.ApplicationContext.log Manager: list: Listing contexts for virtual host 'localhost'
12-Jun-2024 20:11:42.324 INFO [http-nio-8081-exec-3] org.apache.catalina.core.ApplicationContext.log Manager: undeploy: Undeploying web application at '/WebApplication2'
12-Jun-2024 20:11:42.923 INFO [http-nio-8081-exec-9] org.apache.catalina.core.ApplicationContext.log Manager: install: Installing context configuration at 'file:/C:/Users/efe/AppData/Local/Temp/context11745683472752914431.xml'
12-Jun-2024 20:11:45.641 INFO [http-nio-8081-exec-7] org.apache.catalina.core.ApplicationContext.log Manager: start: Starting web application '/WebApplication2'
12-Jun-2024 21:38:55.379 INFO [http-nio-8081-exec-4] org.apache.catalina.core.ApplicationContext.log Manager: init: Associated with Deployer 'Catalina:type=Deployer,host=localhost'
12-Jun-2024 21:38:55.379 INFO [http-nio-8081-exec-4] org.apache.catalina.core.ApplicationContext.log Manager: init: Global resources are available
12-Jun-2024 21:38:55.393 INFO [http-nio-8081-exec-1] org.apache.catalina.core.ApplicationContext.log Manager: list: Listing contexts for virtual host 'localhost'
12-Jun-2024 21:38:55.395 INFO [http-nio-8081-exec-7] org.apache.catalina.core.ApplicationContext.log Manager: list: Listing contexts for virtual host 'localhost'
12-Jun-2024 21:38:55.413 INFO [http-nio-8081-exec-8] org.apache.catalina.core.ApplicationContext.log Manager: undeploy: Undeploying web application at '/WebApplication2'
12-Jun-2024 21:38:55.966 INFO [http-nio-8081-exec-9] org.apache.catalina.core.ApplicationContext.log Manager: install: Installing context configuration at 'file:/C:/Users/efe/AppData/Local/Temp/context729359656721685199.xml'
12-Jun-2024 21:38:56.861 INFO [http-nio-8081-exec-10] org.apache.catalina.core.ApplicationContext.log Manager: start: Starting web application '/WebApplication2'
12-Jun-2024 21:40:25.593 INFO [http-nio-8081-exec-4] org.apache.catalina.core.ApplicationContext.log Manager: init: Associated with Deployer 'Catalina:type=Deployer,host=localhost'
12-Jun-2024 21:40:25.593 INFO [http-nio-8081-exec-4] org.apache.catalina.core.ApplicationContext.log Manager: init: Global resources are available
12-Jun-2024 21:40:25.613 INFO [http-nio-8081-exec-5] org.apache.catalina.core.ApplicationContext.log Manager: list: Listing contexts for virtual host 'localhost'
12-Jun-2024 21:40:25.620 INFO [http-nio-8081-exec-9] org.apache.catalina.core.ApplicationContext.log Manager: list: Listing contexts for virtual host 'localhost'
12-Jun-2024 21:40:25.770 INFO [http-nio-8081-exec-10] org.apache.catalina.core.ApplicationContext.log Manager: stop: Stopping web application '/ProjectoArtesania'
12-Jun-2024 21:40:25.793 INFO [http-nio-8081-exec-2] org.apache.catalina.core.ApplicationContext.log Manager: start: Starting web application '/ProjectoArtesania'
12-Jun-2024 22:06:23.224 INFO [http-nio-8081-exec-5] org.apache.catalina.core.ApplicationContext.log Manager: init: Associated with Deployer 'Catalina:type=Deployer,host=localhost'
12-Jun-2024 22:06:23.224 INFO [http-nio-8081-exec-5] org.apache.catalina.core.ApplicationContext.log Manager: init: Global resources are available
12-Jun-2024 22:06:23.241 INFO [http-nio-8081-exec-4] org.apache.catalina.core.ApplicationContext.log Manager: list: Listing contexts for virtual host 'localhost'
12-Jun-2024 22:06:23.245 INFO [http-nio-8081-exec-9] org.apache.catalina.core.ApplicationContext.log Manager: list: Listing contexts for virtual host 'localhost'
12-Jun-2024 22:06:23.259 INFO [http-nio-8081-exec-8] org.apache.catalina.core.ApplicationContext.log Manager: undeploy: Undeploying web application at '/WebApplication2'
12-Jun-2024 22:06:23.811 INFO [http-nio-8081-exec-4] org.apache.catalina.core.ApplicationContext.log Manager: install: Installing context configuration at 'file:/C:/Users/efe/AppData/Local/Temp/context16700302895045430665.xml'
12-Jun-2024 22:06:24.736 INFO [http-nio-8081-exec-9] org.apache.catalina.core.ApplicationContext.log Manager: start: Starting web application '/WebApplication2'
12-Jun-2024 22:15:03.571 INFO [http-nio-8081-exec-12] org.apache.catalina.core.ApplicationContext.log Manager: list: Listing contexts for virtual host 'localhost'
12-Jun-2024 22:27:31.627 INFO [http-nio-8081-exec-17] org.apache.catalina.core.ApplicationContext.log Manager: list: Listing contexts for virtual host 'localhost'
12-Jun-2024 22:27:31.634 INFO [http-nio-8081-exec-18] org.apache.catalina.core.ApplicationContext.log Manager: restart: Reloading web application '/WebApplication2'
12-Jun-2024 22:29:05.123 INFO [http-nio-8081-exec-4] org.apache.catalina.core.ApplicationContext.log Manager: init: Associated with Deployer 'Catalina:type=Deployer,host=localhost'
12-Jun-2024 22:29:05.123 INFO [http-nio-8081-exec-4] org.apache.catalina.core.ApplicationContext.log Manager: init: Global resources are available
12-Jun-2024 22:29:05.139 INFO [http-nio-8081-exec-1] org.apache.catalina.core.ApplicationContext.log Manager: list: Listing contexts for virtual host 'localhost'
12-Jun-2024 22:29:05.144 INFO [http-nio-8081-exec-8] org.apache.catalina.core.ApplicationContext.log Manager: list: Listing contexts for virtual host 'localhost'
12-Jun-2024 22:29:05.162 INFO [http-nio-8081-exec-9] org.apache.catalina.core.ApplicationContext.log Manager: undeploy: Undeploying web application at '/WebApplication2'
12-Jun-2024 22:29:05.713 INFO [http-nio-8081-exec-5] org.apache.catalina.core.ApplicationContext.log Manager: install: Installing context configuration at 'file:/C:/Users/efe/AppData/Local/Temp/context13328941130198361779.xml'
12-Jun-2024 22:29:06.622 INFO [http-nio-8081-exec-4] org.apache.catalina.core.ApplicationContext.log Manager: start: Starting web application '/WebApplication2'
12-Jun-2024 22:36:19.384 INFO [http-nio-8081-exec-18] org.apache.catalina.core.ApplicationContext.log Manager: list: Listing contexts for virtual host 'localhost'
12-Jun-2024 22:42:52.777 INFO [http-nio-8081-exec-12] org.apache.catalina.core.ApplicationContext.log Manager: list: Listing contexts for virtual host 'localhost'
12-Jun-2024 22:47:44.965 INFO [http-nio-8081-exec-15] org.apache.catalina.core.ApplicationContext.log Manager: list: Listing contexts for virtual host 'localhost'
12-Jun-2024 22:47:44.971 INFO [http-nio-8081-exec-11] org.apache.catalina.core.ApplicationContext.log Manager: restart: Reloading web application '/WebApplication2'
12-Jun-2024 22:51:03.912 INFO [http-nio-8081-exec-22] org.apache.catalina.core.ApplicationContext.log Manager: list: Listing contexts for virtual host 'localhost'
12-Jun-2024 22:52:04.901 INFO [http-nio-8081-exec-3] org.apache.catalina.core.ApplicationContext.log Manager: init: Associated with Deployer 'Catalina:type=Deployer,host=localhost'
12-Jun-2024 22:52:04.901 INFO [http-nio-8081-exec-3] org.apache.catalina.core.ApplicationContext.log Manager: init: Global resources are available
12-Jun-2024 22:52:04.915 INFO [http-nio-8081-exec-4] org.apache.catalina.core.ApplicationContext.log Manager: list: Listing contexts for virtual host 'localhost'
12-Jun-2024 22:52:04.919 INFO [http-nio-8081-exec-5] org.apache.catalina.core.ApplicationContext.log Manager: list: Listing contexts for virtual host 'localhost'
12-Jun-2024 22:52:04.933 INFO [http-nio-8081-exec-7] org.apache.catalina.core.ApplicationContext.log Manager: undeploy: Undeploying web application at '/WebApplication2'
12-Jun-2024 22:52:05.490 INFO [http-nio-8081-exec-5] org.apache.catalina.core.ApplicationContext.log Manager: install: Installing context configuration at 'file:/C:/Users/efe/AppData/Local/Temp/context5707969231683101106.xml'
12-Jun-2024 22:52:06.352 INFO [http-nio-8081-exec-8] org.apache.catalina.core.ApplicationContext.log Manager: start: Starting web application '/WebApplication2'
12-Jun-2024 22:56:12.467 INFO [http-nio-8081-exec-15] org.apache.catalina.core.ApplicationContext.log Manager: list: Listing contexts for virtual host 'localhost'
12-Jun-2024 22:57:05.501 INFO [http-nio-8081-exec-13] org.apache.catalina.core.ApplicationContext.log Manager: list: Listing contexts for virtual host 'localhost'
12-Jun-2024 22:58:09.239 INFO [http-nio-8081-exec-4] org.apache.catalina.core.ApplicationContext.log Manager: init: Associated with Deployer 'Catalina:type=Deployer,host=localhost'
12-Jun-2024 22:58:09.240 INFO [http-nio-8081-exec-4] org.apache.catalina.core.ApplicationContext.log Manager: init: Global resources are available
12-Jun-2024 22:58:09.257 INFO [http-nio-8081-exec-3] org.apache.catalina.core.ApplicationContext.log Manager: list: Listing contexts for virtual host 'localhost'
12-Jun-2024 22:58:09.262 INFO [http-nio-8081-exec-7] org.apache.catalina.core.ApplicationContext.log Manager: list: Listing contexts for virtual host 'localhost'
12-Jun-2024 22:58:09.262 INFO [http-nio-8081-exec-9] org.apache.catalina.core.ApplicationContext.log Manager: undeploy: Undeploying web application at '/WebApplication2'
12-Jun-2024 22:58:09.820 INFO [http-nio-8081-exec-6] org.apache.catalina.core.ApplicationContext.log Manager: install: Installing context configuration at 'file:/C:/Users/efe/AppData/Local/Temp/context11526108155007329351.xml'
12-Jun-2024 22:58:10.675 INFO [http-nio-8081-exec-5] org.apache.catalina.core.ApplicationContext.log Manager: start: Starting web application '/WebApplication2'
12-Jun-2024 23:08:54.299 INFO [http-nio-8081-exec-14] org.apache.catalina.core.ApplicationContext.log Manager: list: Listing contexts for virtual host 'localhost'
12-Jun-2024 23:11:14.825 INFO [http-nio-8081-exec-18] org.apache.catalina.core.ApplicationContext.log Manager: list: Listing contexts for virtual host 'localhost'
12-Jun-2024 23:11:46.687 INFO [http-nio-8081-exec-4] org.apache.catalina.core.ApplicationContext.log Manager: init: Associated with Deployer 'Catalina:type=Deployer,host=localhost'
12-Jun-2024 23:11:46.688 INFO [http-nio-8081-exec-4] org.apache.catalina.core.ApplicationContext.log Manager: init: Global resources are available
12-Jun-2024 23:11:46.701 INFO [http-nio-8081-exec-1] org.apache.catalina.core.ApplicationContext.log Manager: list: Listing contexts for virtual host 'localhost'
12-Jun-2024 23:11:46.705 INFO [http-nio-8081-exec-7] org.apache.catalina.core.ApplicationContext.log Manager: list: Listing contexts for virtual host 'localhost'
12-Jun-2024 23:11:46.713 INFO [http-nio-8081-exec-9] org.apache.catalina.core.ApplicationContext.log Manager: undeploy: Undeploying web application at '/WebApplication2'
12-Jun-2024 23:11:47.260 INFO [http-nio-8081-exec-5] org.apache.catalina.core.ApplicationContext.log Manager: install: Installing context configuration at 'file:/C:/Users/efe/AppData/Local/Temp/context8435239550160701448.xml'
12-Jun-2024 23:11:48.127 INFO [http-nio-8081-exec-6] org.apache.catalina.core.ApplicationContext.log Manager: start: Starting web application '/WebApplication2'
12-Jun-2024 23:14:24.921 INFO [http-nio-8081-exec-17] org.apache.catalina.core.ApplicationContext.log Manager: list: Listing contexts for virtual host 'localhost'
12-Jun-2024 23:15:33.165 INFO [http-nio-8081-exec-4] org.apache.catalina.core.ApplicationContext.log Manager: init: Associated with Deployer 'Catalina:type=Deployer,host=localhost'
12-Jun-2024 23:15:33.165 INFO [http-nio-8081-exec-4] org.apache.catalina.core.ApplicationContext.log Manager: init: Global resources are available
12-Jun-2024 23:15:33.180 INFO [http-nio-8081-exec-1] org.apache.catalina.core.ApplicationContext.log Manager: list: Listing contexts for virtual host 'localhost'
12-Jun-2024 23:15:33.184 INFO [http-nio-8081-exec-4] org.apache.catalina.core.ApplicationContext.log Manager: list: Listing contexts for virtual host 'localhost'
12-Jun-2024 23:15:33.193 INFO [http-nio-8081-exec-9] org.apache.catalina.core.ApplicationContext.log Manager: undeploy: Undeploying web application at '/WebApplication2'
12-Jun-2024 23:15:33.756 INFO [http-nio-8081-exec-7] org.apache.catalina.core.ApplicationContext.log Manager: install: Installing context configuration at 'file:/C:/Users/efe/AppData/Local/Temp/context2731004602385488385.xml'
12-Jun-2024 23:15:34.742 INFO [http-nio-8081-exec-8] org.apache.catalina.core.ApplicationContext.log Manager: start: Starting web application '/WebApplication2'
12-Jun-2024 23:32:02.584 INFO [http-nio-8081-exec-4] org.apache.catalina.core.ApplicationContext.log Manager: init: Associated with Deployer 'Catalina:type=Deployer,host=localhost'
12-Jun-2024 23:32:02.584 INFO [http-nio-8081-exec-4] org.apache.catalina.core.ApplicationContext.log Manager: init: Global resources are available
12-Jun-2024 23:32:02.599 INFO [http-nio-8081-exec-2] org.apache.catalina.core.ApplicationContext.log Manager: list: Listing contexts for virtual host 'localhost'
12-Jun-2024 23:32:02.601 INFO [http-nio-8081-exec-6] org.apache.catalina.core.ApplicationContext.log Manager: list: Listing contexts for virtual host 'localhost'
12-Jun-2024 23:32:02.611 INFO [http-nio-8081-exec-8] org.apache.catalina.core.ApplicationContext.log Manager: undeploy: Undeploying web application at '/WebApplication2'
12-Jun-2024 23:32:03.175 INFO [http-nio-8081-exec-3] org.apache.catalina.core.ApplicationContext.log Manager: install: Installing context configuration at 'file:/C:/Users/efe/AppData/Local/Temp/context1398804646439712524.xml'
12-Jun-2024 23:32:04.064 INFO [http-nio-8081-exec-4] org.apache.catalina.core.ApplicationContext.log Manager: start: Starting web application '/WebApplication2'
