10-Jun-2024 10:38:04.455 INFO [http-nio-8081-exec-10] org.apache.catalina.core.ApplicationContext.log Manager: init: Associated with Deployer 'Catalina:type=Deployer,host=localhost'
10-Jun-2024 10:38:04.455 INFO [http-nio-8081-exec-10] org.apache.catalina.core.ApplicationContext.log Manager: init: Global resources are available
10-Jun-2024 10:38:04.512 INFO [http-nio-8081-exec-8] org.apache.catalina.core.ApplicationContext.log Manager: list: Listing contexts for virtual host 'localhost'
10-Jun-2024 10:38:04.518 INFO [http-nio-8081-exec-4] org.apache.catalina.core.ApplicationContext.log Manager: list: Listing contexts for virtual host 'localhost'
10-Jun-2024 10:38:04.567 INFO [http-nio-8081-exec-2] org.apache.catalina.core.ApplicationContext.log Manager: undeploy: Undeploying web application at '/WebApplication2'
10-Jun-2024 10:38:05.142 INFO [http-nio-8081-exec-4] org.apache.catalina.core.ApplicationContext.log Manager: install: Installing context configuration at 'file:/C:/Users/efe/AppData/Local/Temp/context18041818804731453970.xml'
10-Jun-2024 10:38:06.113 INFO [http-nio-8081-exec-10] org.apache.catalina.core.ApplicationContext.log Manager: start: Starting web application '/WebApplication2'
10-Jun-2024 10:39:06.499 INFO [http-nio-8081-exec-10] org.apache.catalina.core.ApplicationContext.log Manager: list: Listing contexts for virtual host 'localhost'
10-Jun-2024 10:39:06.503 INFO [http-nio-8081-exec-14] org.apache.catalina.core.ApplicationContext.log Manager: list: Listing contexts for virtual host 'localhost'
10-Jun-2024 10:39:06.680 INFO [http-nio-8081-exec-3] org.apache.catalina.core.ApplicationContext.log Manager: stop: Stopping web application '/ProjectoArtesania'
10-Jun-2024 10:39:06.698 INFO [http-nio-8081-exec-12] org.apache.catalina.core.ApplicationContext.log Manager: start: Starting web application '/ProjectoArtesania'
10-Jun-2024 10:45:40.774 INFO [http-nio-8081-exec-4] org.apache.catalina.core.ApplicationContext.log Manager: init: Associated with Deployer 'Catalina:type=Deployer,host=localhost'
10-Jun-2024 10:45:40.774 INFO [http-nio-8081-exec-4] org.apache.catalina.core.ApplicationContext.log Manager: init: Global resources are available
10-Jun-2024 10:45:40.789 INFO [http-nio-8081-exec-3] org.apache.catalina.core.ApplicationContext.log Manager: list: Listing contexts for virtual host 'localhost'
10-Jun-2024 10:45:40.794 INFO [http-nio-8081-exec-4] org.apache.catalina.core.ApplicationContext.log Manager: list: Listing contexts for virtual host 'localhost'
10-Jun-2024 10:45:40.807 INFO [http-nio-8081-exec-7] org.apache.catalina.core.ApplicationContext.log Manager: undeploy: Undeploying web application at '/WebApplication2'
10-Jun-2024 10:45:41.365 INFO [http-nio-8081-exec-8] org.apache.catalina.core.ApplicationContext.log Manager: install: Installing context configuration at 'file:/C:/Users/efe/AppData/Local/Temp/context9522178205791903375.xml'
10-Jun-2024 10:45:42.178 INFO [http-nio-8081-exec-1] org.apache.catalina.core.ApplicationContext.log Manager: start: Starting web application '/WebApplication2'
10-Jun-2024 11:17:07.834 INFO [http-nio-8081-exec-4] org.apache.catalina.core.ApplicationContext.log Manager: init: Associated with Deployer 'Catalina:type=Deployer,host=localhost'
10-Jun-2024 11:17:07.835 INFO [http-nio-8081-exec-4] org.apache.catalina.core.ApplicationContext.log Manager: init: Global resources are available
10-Jun-2024 11:17:07.848 INFO [http-nio-8081-exec-3] org.apache.catalina.core.ApplicationContext.log Manager: list: Listing contexts for virtual host 'localhost'
10-Jun-2024 11:17:07.853 INFO [http-nio-8081-exec-7] org.apache.catalina.core.ApplicationContext.log Manager: list: Listing contexts for virtual host 'localhost'
10-Jun-2024 11:17:08.015 INFO [http-nio-8081-exec-6] org.apache.catalina.core.ApplicationContext.log Manager: stop: Stopping web application '/ProjectoArtesania'
10-Jun-2024 11:17:08.036 INFO [http-nio-8081-exec-1] org.apache.catalina.core.ApplicationContext.log Manager: start: Starting web application '/ProjectoArtesania'
10-Jun-2024 11:20:30.202 INFO [http-nio-8081-exec-18] org.apache.catalina.core.ApplicationContext.log Manager: list: Listing contexts for virtual host 'localhost'
10-Jun-2024 11:44:48.775 INFO [http-nio-8081-exec-16] org.apache.catalina.core.ApplicationContext.log Manager: list: Listing contexts for virtual host 'localhost'
10-Jun-2024 11:44:48.781 INFO [http-nio-8081-exec-11] org.apache.catalina.core.ApplicationContext.log Manager: restart: Reloading web application '/WebApplication2'
10-Jun-2024 11:45:14.326 INFO [http-nio-8081-exec-12] org.apache.catalina.core.ApplicationContext.log Manager: list: Listing contexts for virtual host 'localhost'
10-Jun-2024 11:45:14.333 INFO [http-nio-8081-exec-18] org.apache.catalina.core.ApplicationContext.log Manager: restart: Reloading web application '/WebApplication2'
10-Jun-2024 11:45:56.584 INFO [http-nio-8081-exec-4] org.apache.catalina.core.ApplicationContext.log Manager: init: Associated with Deployer 'Catalina:type=Deployer,host=localhost'
10-Jun-2024 11:45:56.584 INFO [http-nio-8081-exec-4] org.apache.catalina.core.ApplicationContext.log Manager: init: Global resources are available
10-Jun-2024 11:45:56.598 INFO [http-nio-8081-exec-2] org.apache.catalina.core.ApplicationContext.log Manager: list: Listing contexts for virtual host 'localhost'
10-Jun-2024 11:45:56.603 INFO [http-nio-8081-exec-7] org.apache.catalina.core.ApplicationContext.log Manager: list: Listing contexts for virtual host 'localhost'
10-Jun-2024 11:45:56.613 INFO [http-nio-8081-exec-8] org.apache.catalina.core.ApplicationContext.log Manager: undeploy: Undeploying web application at '/WebApplication2'
10-Jun-2024 11:45:57.156 INFO [http-nio-8081-exec-9] org.apache.catalina.core.ApplicationContext.log Manager: install: Installing context configuration at 'file:/C:/Users/efe/AppData/Local/Temp/context261348269842118287.xml'
10-Jun-2024 11:45:58.048 INFO [http-nio-8081-exec-5] org.apache.catalina.core.ApplicationContext.log Manager: start: Starting web application '/WebApplication2'
