30-May-2024 00:21:24.551 INFO [http-nio-8081-exec-28] org.apache.catalina.core.ApplicationContext.log Manager: list: Listing contexts for virtual host 'localhost'
30-May-2024 00:23:50.353 INFO [http-nio-8081-exec-24] org.apache.catalina.core.ApplicationContext.log Manager: list: Listing contexts for virtual host 'localhost'
30-May-2024 00:26:06.195 INFO [http-nio-8081-exec-26] org.apache.catalina.core.ApplicationContext.log Manager: list: Listing contexts for virtual host 'localhost'
30-May-2024 00:28:50.455 INFO [http-nio-8081-exec-3] org.apache.catalina.core.ApplicationContext.log Manager: init: Associated with Deployer 'Catalina:type=Deployer,host=localhost'
30-May-2024 00:28:50.455 INFO [http-nio-8081-exec-3] org.apache.catalina.core.ApplicationContext.log Manager: init: Global resources are available
30-May-2024 00:28:50.468 INFO [http-nio-8081-exec-3] org.apache.catalina.core.ApplicationContext.log Manager: list: Listing contexts for virtual host 'localhost'
30-May-2024 00:28:50.471 INFO [http-nio-8081-exec-7] org.apache.catalina.core.ApplicationContext.log Manager: list: Listing contexts for virtual host 'localhost'
30-May-2024 00:28:50.501 INFO [http-nio-8081-exec-8] org.apache.catalina.core.ApplicationContext.log Manager: restart: Reloading web application '/WebApplication2'
30-May-2024 00:32:02.461 INFO [http-nio-8081-exec-14] org.apache.catalina.core.ApplicationContext.log Manager: list: Listing contexts for virtual host 'localhost'
30-May-2024 00:34:03.172 INFO [http-nio-8081-exec-20] org.apache.catalina.core.ApplicationContext.log Manager: list: Listing contexts for virtual host 'localhost'
30-May-2024 00:38:07.148 INFO [http-nio-8081-exec-15] org.apache.catalina.core.ApplicationContext.log Manager: list: Listing contexts for virtual host 'localhost'
30-May-2024 00:41:29.924 INFO [http-nio-8081-exec-12] org.apache.catalina.core.ApplicationContext.log Manager: list: Listing contexts for virtual host 'localhost'
30-May-2024 00:50:20.544 INFO [http-nio-8081-exec-11] org.apache.catalina.core.ApplicationContext.log Manager: list: Listing contexts for virtual host 'localhost'
30-May-2024 00:57:44.601 INFO [http-nio-8081-exec-3] org.apache.catalina.core.ApplicationContext.log Manager: init: Associated with Deployer 'Catalina:type=Deployer,host=localhost'
30-May-2024 00:57:44.601 INFO [http-nio-8081-exec-3] org.apache.catalina.core.ApplicationContext.log Manager: init: Global resources are available
30-May-2024 00:57:44.613 INFO [http-nio-8081-exec-1] org.apache.catalina.core.ApplicationContext.log Manager: list: Listing contexts for virtual host 'localhost'
30-May-2024 00:57:44.616 INFO [http-nio-8081-exec-6] org.apache.catalina.core.ApplicationContext.log Manager: list: Listing contexts for virtual host 'localhost'
30-May-2024 01:25:13.757 INFO [http-nio-8081-exec-1] org.apache.catalina.core.ApplicationContext.log Manager: list: Listing contexts for virtual host 'localhost'
30-May-2024 01:25:27.635 INFO [http-nio-8081-exec-4] org.apache.catalina.core.ApplicationContext.log Manager: list: Listing contexts for virtual host 'localhost'
30-May-2024 01:27:12.400 INFO [http-nio-8081-exec-3] org.apache.catalina.core.ApplicationContext.log Manager: list: Listing contexts for virtual host 'localhost'
30-May-2024 01:29:33.362 INFO [http-nio-8081-exec-6] org.apache.catalina.core.ApplicationContext.log Manager: list: Listing contexts for virtual host 'localhost'
30-May-2024 01:30:14.483 INFO [http-nio-8081-exec-8] org.apache.catalina.core.ApplicationContext.log Manager: list: Listing contexts for virtual host 'localhost'
30-May-2024 01:32:43.363 INFO [http-nio-8081-exec-7] org.apache.catalina.core.ApplicationContext.log Manager: list: Listing contexts for virtual host 'localhost'
30-May-2024 01:32:43.371 INFO [http-nio-8081-exec-9] org.apache.catalina.core.ApplicationContext.log Manager: restart: Reloading web application '/WebApplication2'
30-May-2024 01:33:07.507 INFO [http-nio-8081-exec-8] org.apache.catalina.core.ApplicationContext.log Manager: list: Listing contexts for virtual host 'localhost'
30-May-2024 01:33:07.512 INFO [http-nio-8081-exec-1] org.apache.catalina.core.ApplicationContext.log Manager: restart: Reloading web application '/WebApplication2'
30-May-2024 01:35:47.699 INFO [http-nio-8081-exec-18] org.apache.catalina.core.ApplicationContext.log Manager: list: Listing contexts for virtual host 'localhost'
30-May-2024 01:35:47.706 INFO [http-nio-8081-exec-17] org.apache.catalina.core.ApplicationContext.log Manager: restart: Reloading web application '/WebApplication2'
30-May-2024 01:36:36.975 INFO [http-nio-8081-exec-4] org.apache.catalina.core.ApplicationContext.log Manager: init: Associated with Deployer 'Catalina:type=Deployer,host=localhost'
30-May-2024 01:36:36.975 INFO [http-nio-8081-exec-4] org.apache.catalina.core.ApplicationContext.log Manager: init: Global resources are available
30-May-2024 01:36:36.992 INFO [http-nio-8081-exec-2] org.apache.catalina.core.ApplicationContext.log Manager: list: Listing contexts for virtual host 'localhost'
30-May-2024 01:36:36.995 INFO [http-nio-8081-exec-3] org.apache.catalina.core.ApplicationContext.log Manager: list: Listing contexts for virtual host 'localhost'
30-May-2024 01:36:37.018 INFO [http-nio-8081-exec-7] org.apache.catalina.core.ApplicationContext.log Manager: restart: Reloading web application '/WebApplication2'
30-May-2024 01:45:26.818 INFO [http-nio-8081-exec-13] org.apache.catalina.core.ApplicationContext.log Manager: list: Listing contexts for virtual host 'localhost'
30-May-2024 01:45:26.826 INFO [http-nio-8081-exec-11] org.apache.catalina.core.ApplicationContext.log Manager: restart: Reloading web application '/WebApplication2'
30-May-2024 01:47:35.014 INFO [http-nio-8081-exec-21] org.apache.catalina.core.ApplicationContext.log Manager: list: Listing contexts for virtual host 'localhost'
30-May-2024 01:49:12.602 INFO [http-nio-8081-exec-3] org.apache.catalina.core.ApplicationContext.log Manager: init: Associated with Deployer 'Catalina:type=Deployer,host=localhost'
30-May-2024 01:49:12.602 INFO [http-nio-8081-exec-3] org.apache.catalina.core.ApplicationContext.log Manager: init: Global resources are available
30-May-2024 01:49:12.625 INFO [http-nio-8081-exec-10] org.apache.catalina.core.ApplicationContext.log Manager: list: Listing contexts for virtual host 'localhost'
30-May-2024 01:49:12.629 INFO [http-nio-8081-exec-3] org.apache.catalina.core.ApplicationContext.log Manager: list: Listing contexts for virtual host 'localhost'
30-May-2024 01:49:12.658 INFO [http-nio-8081-exec-6] org.apache.catalina.core.ApplicationContext.log Manager: restart: Reloading web application '/WebApplication2'
30-May-2024 01:52:41.389 INFO [http-nio-8081-exec-14] org.apache.catalina.core.ApplicationContext.log Manager: list: Listing contexts for virtual host 'localhost'
30-May-2024 02:06:10.974 INFO [http-nio-8081-exec-19] org.apache.catalina.core.ApplicationContext.log Manager: list: Listing contexts for virtual host 'localhost'
30-May-2024 02:06:10.979 INFO [http-nio-8081-exec-13] org.apache.catalina.core.ApplicationContext.log Manager: restart: Reloading web application '/WebApplication2'
30-May-2024 02:08:27.088 INFO [http-nio-8081-exec-23] org.apache.catalina.core.ApplicationContext.log Manager: list: Listing contexts for virtual host 'localhost'
30-May-2024 02:09:41.646 INFO [http-nio-8081-exec-23] org.apache.catalina.core.ApplicationContext.log Manager: list: Listing contexts for virtual host 'localhost'
30-May-2024 02:29:40.213 INFO [http-nio-8081-exec-22] org.apache.catalina.core.ApplicationContext.log Manager: list: Listing contexts for virtual host 'localhost'
30-May-2024 02:30:11.416 INFO [http-nio-8081-exec-28] org.apache.catalina.core.ApplicationContext.log Manager: list: Listing contexts for virtual host 'localhost'
30-May-2024 02:43:43.684 INFO [http-nio-8081-exec-27] org.apache.catalina.core.ApplicationContext.log Manager: list: Listing contexts for virtual host 'localhost'
30-May-2024 02:43:43.692 INFO [http-nio-8081-exec-21] org.apache.catalina.core.ApplicationContext.log Manager: restart: Reloading web application '/WebApplication2'
30-May-2024 02:45:07.807 INFO [http-nio-8081-exec-33] org.apache.catalina.core.ApplicationContext.log Manager: list: Listing contexts for virtual host 'localhost'
30-May-2024 02:45:50.313 INFO [http-nio-8081-exec-3] org.apache.catalina.core.ApplicationContext.log Manager: init: Associated with Deployer 'Catalina:type=Deployer,host=localhost'
30-May-2024 02:45:50.313 INFO [http-nio-8081-exec-3] org.apache.catalina.core.ApplicationContext.log Manager: init: Global resources are available
30-May-2024 02:45:50.334 INFO [http-nio-8081-exec-4] org.apache.catalina.core.ApplicationContext.log Manager: list: Listing contexts for virtual host 'localhost'
30-May-2024 02:45:50.339 INFO [http-nio-8081-exec-10] org.apache.catalina.core.ApplicationContext.log Manager: list: Listing contexts for virtual host 'localhost'
30-May-2024 02:45:50.359 INFO [http-nio-8081-exec-6] org.apache.catalina.core.ApplicationContext.log Manager: restart: Reloading web application '/WebApplication2'
30-May-2024 03:07:43.390 INFO [http-nio-8081-exec-14] org.apache.catalina.core.ApplicationContext.log Manager: list: Listing contexts for virtual host 'localhost'
30-May-2024 03:07:43.397 INFO [http-nio-8081-exec-12] org.apache.catalina.core.ApplicationContext.log Manager: restart: Reloading web application '/WebApplication2'
30-May-2024 03:14:21.807 INFO [http-nio-8081-exec-29] org.apache.catalina.core.ApplicationContext.log Manager: list: Listing contexts for virtual host 'localhost'
30-May-2024 03:14:21.814 INFO [http-nio-8081-exec-25] org.apache.catalina.core.ApplicationContext.log Manager: restart: Reloading web application '/WebApplication2'
30-May-2024 03:14:50.824 INFO [http-nio-8081-exec-4] org.apache.catalina.core.ApplicationContext.log Manager: init: Associated with Deployer 'Catalina:type=Deployer,host=localhost'
30-May-2024 03:14:50.824 INFO [http-nio-8081-exec-4] org.apache.catalina.core.ApplicationContext.log Manager: init: Global resources are available
30-May-2024 03:14:50.841 INFO [http-nio-8081-exec-10] org.apache.catalina.core.ApplicationContext.log Manager: list: Listing contexts for virtual host 'localhost'
30-May-2024 03:14:50.843 INFO [http-nio-8081-exec-4] org.apache.catalina.core.ApplicationContext.log Manager: list: Listing contexts for virtual host 'localhost'
30-May-2024 03:14:50.863 INFO [http-nio-8081-exec-6] org.apache.catalina.core.ApplicationContext.log Manager: restart: Reloading web application '/WebApplication2'
30-May-2024 03:22:32.039 INFO [http-nio-8081-exec-14] org.apache.catalina.core.ApplicationContext.log Manager: list: Listing contexts for virtual host 'localhost'
30-May-2024 03:22:32.047 INFO [http-nio-8081-exec-11] org.apache.catalina.core.ApplicationContext.log Manager: restart: Reloading web application '/WebApplication2'
30-May-2024 03:22:59.738 INFO [http-nio-8081-exec-13] org.apache.catalina.core.ApplicationContext.log Manager: list: Listing contexts for virtual host 'localhost'
30-May-2024 03:26:41.767 INFO [http-nio-8081-exec-24] org.apache.catalina.core.ApplicationContext.log Manager: list: Listing contexts for virtual host 'localhost'
30-May-2024 03:26:41.774 INFO [http-nio-8081-exec-25] org.apache.catalina.core.ApplicationContext.log Manager: restart: Reloading web application '/WebApplication2'
30-May-2024 03:27:05.597 INFO [http-nio-8081-exec-26] org.apache.catalina.core.ApplicationContext.log Manager: list: Listing contexts for virtual host 'localhost'
30-May-2024 03:27:50.057 INFO [http-nio-8081-exec-3] org.apache.catalina.core.ApplicationContext.log Manager: init: Associated with Deployer 'Catalina:type=Deployer,host=localhost'
30-May-2024 03:27:50.057 INFO [http-nio-8081-exec-3] org.apache.catalina.core.ApplicationContext.log Manager: init: Global resources are available
30-May-2024 03:27:50.074 INFO [http-nio-8081-exec-10] org.apache.catalina.core.ApplicationContext.log Manager: list: Listing contexts for virtual host 'localhost'
30-May-2024 03:27:50.079 INFO [http-nio-8081-exec-4] org.apache.catalina.core.ApplicationContext.log Manager: list: Listing contexts for virtual host 'localhost'
30-May-2024 03:27:50.106 INFO [http-nio-8081-exec-6] org.apache.catalina.core.ApplicationContext.log Manager: restart: Reloading web application '/WebApplication2'
30-May-2024 10:19:07.808 INFO [http-nio-8081-exec-6] org.apache.catalina.core.ApplicationContext.log Manager: init: Associated with Deployer 'Catalina:type=Deployer,host=localhost'
30-May-2024 10:19:07.808 INFO [http-nio-8081-exec-6] org.apache.catalina.core.ApplicationContext.log Manager: init: Global resources are available
30-May-2024 10:19:07.832 INFO [http-nio-8081-exec-9] org.apache.catalina.core.ApplicationContext.log Manager: list: Listing contexts for virtual host 'localhost'
30-May-2024 10:19:07.846 INFO [http-nio-8081-exec-10] org.apache.catalina.core.ApplicationContext.log Manager: undeploy: Undeploying web application at '/WebApplication2'
30-May-2024 10:19:08.429 INFO [http-nio-8081-exec-2] org.apache.catalina.core.ApplicationContext.log Manager: install: Installing context configuration at 'file:/C:/Users/efe/AppData/Local/Temp/context6627785688555251887.xml'
30-May-2024 10:19:09.525 INFO [http-nio-8081-exec-4] org.apache.catalina.core.ApplicationContext.log Manager: start: Starting web application '/WebApplication2'
30-May-2024 10:30:23.059 INFO [http-nio-8081-exec-14] org.apache.catalina.core.ApplicationContext.log Manager: list: Listing contexts for virtual host 'localhost'
30-May-2024 10:30:23.078 INFO [http-nio-8081-exec-12] org.apache.catalina.core.ApplicationContext.log Manager: restart: Reloading web application '/WebApplication2'
30-May-2024 10:31:12.940 INFO [http-nio-8081-exec-16] org.apache.catalina.core.ApplicationContext.log Manager: list: Listing contexts for virtual host 'localhost'
30-May-2024 10:31:12.955 INFO [http-nio-8081-exec-17] org.apache.catalina.core.ApplicationContext.log Manager: restart: Reloading web application '/WebApplication2'
30-May-2024 10:31:54.463 INFO [http-nio-8081-exec-24] org.apache.catalina.core.ApplicationContext.log Manager: list: Listing contexts for virtual host 'localhost'
30-May-2024 10:31:54.473 INFO [http-nio-8081-exec-16] org.apache.catalina.core.ApplicationContext.log Manager: restart: Reloading web application '/WebApplication2'
30-May-2024 10:32:30.287 INFO [http-nio-8081-exec-11] org.apache.catalina.core.ApplicationContext.log Manager: list: Listing contexts for virtual host 'localhost'
30-May-2024 10:32:30.612 INFO [http-nio-8081-exec-23] org.apache.catalina.core.ApplicationContext.log Manager: list: Listing contexts for virtual host 'localhost'
30-May-2024 10:37:56.759 INFO [http-nio-8081-exec-28] org.apache.catalina.core.ApplicationContext.log Manager: list: Listing contexts for virtual host 'localhost'
30-May-2024 10:41:07.108 INFO [http-nio-8081-exec-26] org.apache.catalina.core.ApplicationContext.log Manager: list: Listing contexts for virtual host 'localhost'
30-May-2024 10:43:33.279 INFO [http-nio-8081-exec-29] org.apache.catalina.core.ApplicationContext.log Manager: list: Listing contexts for virtual host 'localhost'
30-May-2024 10:43:33.284 INFO [http-nio-8081-exec-27] org.apache.catalina.core.ApplicationContext.log Manager: undeploy: Undeploying web application at '/WebApplication2'
30-May-2024 10:45:15.182 INFO [http-nio-8081-exec-36] org.apache.catalina.core.ApplicationContext.log Manager: list: Listing contexts for virtual host 'localhost'
30-May-2024 10:45:35.232 INFO [http-nio-8081-exec-29] org.apache.catalina.core.ApplicationContext.log Manager: list: Listing contexts for virtual host 'localhost'
30-May-2024 10:45:36.071 INFO [http-nio-8081-exec-29] org.apache.catalina.core.ApplicationContext.log Manager: list: Listing contexts for virtual host 'localhost'
30-May-2024 10:45:44.957 INFO [http-nio-8081-exec-28] org.apache.catalina.core.ApplicationContext.log Manager: list: Listing contexts for virtual host 'localhost'
30-May-2024 10:45:45.794 INFO [http-nio-8081-exec-29] org.apache.catalina.core.ApplicationContext.log Manager: list: Listing contexts for virtual host 'localhost'
30-May-2024 10:45:53.251 INFO [http-nio-8081-exec-39] org.apache.catalina.core.ApplicationContext.log Manager: list: Listing contexts for virtual host 'localhost'
30-May-2024 10:45:54.368 INFO [http-nio-8081-exec-29] org.apache.catalina.core.ApplicationContext.log Manager: list: Listing contexts for virtual host 'localhost'
30-May-2024 10:46:16.658 INFO [http-nio-8081-exec-37] org.apache.catalina.core.ApplicationContext.log Manager: list: Listing contexts for virtual host 'localhost'
30-May-2024 10:46:16.980 INFO [http-nio-8081-exec-43] org.apache.catalina.core.ApplicationContext.log Manager: list: Listing contexts for virtual host 'localhost'
30-May-2024 10:46:17.660 INFO [http-nio-8081-exec-40] org.apache.catalina.core.ApplicationContext.log Manager: list: Listing contexts for virtual host 'localhost'
30-May-2024 10:46:33.962 INFO [http-nio-8081-exec-36] org.apache.catalina.core.ApplicationContext.log Manager: list: Listing contexts for virtual host 'localhost'
30-May-2024 10:50:16.888 INFO [http-nio-8081-exec-42] org.apache.catalina.core.ApplicationContext.log Manager: list: Listing contexts for virtual host 'localhost'
30-May-2024 10:50:16.891 INFO [http-nio-8081-exec-43] org.apache.catalina.core.ApplicationContext.log Manager: list: Listing contexts for virtual host 'localhost'
30-May-2024 10:50:16.897 INFO [http-nio-8081-exec-36] org.apache.catalina.core.ApplicationContext.log Manager: install: Installing context configuration at 'file:/C:/Users/efe/AppData/Local/Temp/context17625324704108615576.xml'
30-May-2024 10:50:17.708 INFO [http-nio-8081-exec-41] org.apache.catalina.core.ApplicationContext.log Manager: start: Starting web application '/WebApplication2'
30-May-2024 11:03:12.649 INFO [http-nio-8081-exec-43] org.apache.catalina.core.ApplicationContext.log Manager: list: Listing contexts for virtual host 'localhost'
30-May-2024 11:03:12.656 INFO [http-nio-8081-exec-40] org.apache.catalina.core.ApplicationContext.log Manager: restart: Reloading web application '/WebApplication2'
30-May-2024 11:03:58.503 INFO [http-nio-8081-exec-35] org.apache.catalina.core.ApplicationContext.log Manager: list: Listing contexts for virtual host 'localhost'
30-May-2024 11:03:58.507 INFO [http-nio-8081-exec-42] org.apache.catalina.core.ApplicationContext.log Manager: restart: Reloading web application '/WebApplication2'
30-May-2024 11:05:35.877 INFO [http-nio-8081-exec-45] org.apache.catalina.core.ApplicationContext.log Manager: list: Listing contexts for virtual host 'localhost'
30-May-2024 11:05:35.883 INFO [http-nio-8081-exec-38] org.apache.catalina.core.ApplicationContext.log Manager: restart: Reloading web application '/WebApplication2'
30-May-2024 11:05:52.289 INFO [http-nio-8081-exec-47] org.apache.catalina.core.ApplicationContext.log Manager: list: Listing contexts for virtual host 'localhost'
30-May-2024 11:05:52.294 INFO [http-nio-8081-exec-48] org.apache.catalina.core.ApplicationContext.log Manager: restart: Reloading web application '/WebApplication2'
30-May-2024 11:08:18.815 INFO [http-nio-8081-exec-52] org.apache.catalina.core.ApplicationContext.log Manager: list: Listing contexts for virtual host 'localhost'
30-May-2024 11:08:18.822 INFO [http-nio-8081-exec-38] org.apache.catalina.core.ApplicationContext.log Manager: restart: Reloading web application '/WebApplication2'
30-May-2024 11:09:02.761 INFO [http-nio-8081-exec-5] org.apache.catalina.core.ApplicationContext.log Manager: init: Associated with Deployer 'Catalina:type=Deployer,host=localhost'
30-May-2024 11:09:02.761 INFO [http-nio-8081-exec-5] org.apache.catalina.core.ApplicationContext.log Manager: init: Global resources are available
30-May-2024 11:09:02.776 INFO [http-nio-8081-exec-10] org.apache.catalina.core.ApplicationContext.log Manager: list: Listing contexts for virtual host 'localhost'
30-May-2024 11:09:02.776 INFO [http-nio-8081-exec-4] org.apache.catalina.core.ApplicationContext.log Manager: list: Listing contexts for virtual host 'localhost'
30-May-2024 11:09:02.776 INFO [http-nio-8081-exec-7] org.apache.catalina.core.ApplicationContext.log Manager: undeploy: Undeploying web application at '/WebApplication2'
30-May-2024 11:09:03.329 INFO [http-nio-8081-exec-10] org.apache.catalina.core.ApplicationContext.log Manager: install: Installing context configuration at 'file:/C:/Users/efe/AppData/Local/Temp/context13497902381127955776.xml'
30-May-2024 11:09:04.234 INFO [http-nio-8081-exec-1] org.apache.catalina.core.ApplicationContext.log Manager: start: Starting web application '/WebApplication2'
30-May-2024 11:10:31.647 INFO [http-nio-8081-exec-14] org.apache.catalina.core.ApplicationContext.log Manager: list: Listing contexts for virtual host 'localhost'
30-May-2024 11:11:27.805 INFO [http-nio-8081-exec-11] org.apache.catalina.core.ApplicationContext.log Manager: list: Listing contexts for virtual host 'localhost'
30-May-2024 11:12:47.003 INFO [http-nio-8081-exec-12] org.apache.catalina.core.ApplicationContext.log Manager: list: Listing contexts for virtual host 'localhost'
30-May-2024 11:13:01.240 INFO [http-nio-8081-exec-15] org.apache.catalina.core.ApplicationContext.log Manager: list: Listing contexts for virtual host 'localhost'
30-May-2024 11:13:34.130 INFO [http-nio-8081-exec-17] org.apache.catalina.core.ApplicationContext.log Manager: list: Listing contexts for virtual host 'localhost'
30-May-2024 11:27:56.223 INFO [http-nio-8081-exec-3] org.apache.catalina.core.ApplicationContext.log Manager: init: Associated with Deployer 'Catalina:type=Deployer,host=localhost'
30-May-2024 11:27:56.223 INFO [http-nio-8081-exec-3] org.apache.catalina.core.ApplicationContext.log Manager: init: Global resources are available
30-May-2024 11:27:56.239 INFO [http-nio-8081-exec-2] org.apache.catalina.core.ApplicationContext.log Manager: list: Listing contexts for virtual host 'localhost'
30-May-2024 11:27:56.243 INFO [http-nio-8081-exec-5] org.apache.catalina.core.ApplicationContext.log Manager: list: Listing contexts for virtual host 'localhost'
30-May-2024 11:27:56.253 INFO [http-nio-8081-exec-9] org.apache.catalina.core.ApplicationContext.log Manager: undeploy: Undeploying web application at '/WebApplication2'
30-May-2024 11:27:56.799 INFO [http-nio-8081-exec-6] org.apache.catalina.core.ApplicationContext.log Manager: install: Installing context configuration at 'file:/C:/Users/efe/AppData/Local/Temp/context10048872725885176934.xml'
30-May-2024 11:27:57.699 INFO [http-nio-8081-exec-2] org.apache.catalina.core.ApplicationContext.log Manager: start: Starting web application '/WebApplication2'
